15/06/24 09:34:53   Initial struct sent.
15/06/24 09:34:53   Orders sent
15/06/24 09:34:53   Orders completed.
15/06/24 09:34:58   Connect
15/06/24 09:35:02   Initial struct sent.
15/06/24 09:35:08   Initial struct sent.
15/06/24 09:35:21   Initial struct sent.
15/06/24 09:36:02   Initial struct sent.
15/06/24 09:36:02   Orders sent
15/06/24 09:36:02   Orders completed.
15/06/24 09:39:18   Initial struct sent.
15/06/24 09:39:18   Orders sent
15/06/24 09:39:18   Orders completed.
15/06/24 09:47:31   Initial struct sent.
15/06/24 09:47:31   Orders sent
15/06/24 09:47:31   Orders completed.
15/06/24 09:47:34   Connect
15/06/24 09:47:37   Initial struct sent.
15/06/24 09:47:37   Orders sent
15/06/24 09:47:37   Orders completed.
15/06/24 09:47:42   Initial struct sent.
15/06/24 09:47:42   Orders sent
15/06/24 09:47:44   Orders completed.
15/06/24 09:47:55   Connect
15/06/24 09:47:59   Initial struct sent.
15/06/24 09:47:59   Orders sent
15/06/24 09:47:59   SIGINT Received. Exiting...
02/07/24 23:54:41   Initial struct sent.
02/07/24 23:54:41   Orders sent
02/07/24 23:54:41   Orders completed.
02/07/24 23:55:10   Initial struct sent.
02/07/24 23:55:10   Orders sent
02/07/24 23:55:10   Orders completed.
02/07/24 23:55:38   Initial struct sent.
02/07/24 23:55:38   Orders sent
02/07/24 23:55:38   Orders completed.
02/07/24 23:55:45   Connect
03/07/24 00:00:08   Initial struct sent.
03/07/24 00:00:08   Orders sent
03/07/24 00:02:14   Orders completed.
