02/07/24 23:55:06   Socket initialized.
02/07/24 23:55:10   10 new customers..
02/07/24 23:55:10   All cooks awakened.
02/07/24 23:55:10   Threads initialized.
02/07/24 23:55:10   Order prepared.
02/07/24 23:55:10   Cook acquired oven entry 1.
02/07/24 23:55:10   Order prepared.
02/07/24 23:55:10   Cook acquired oven entry 1.
02/07/24 23:55:10   Order prepared.
02/07/24 23:55:10   Cook acquired oven entry 1.
02/07/24 23:55:10   Order cooked.
02/07/24 23:55:10   Order delivered.
02/07/24 23:55:10   Order cooked.
02/07/24 23:55:10   Order cooked.
02/07/24 23:55:10   Delivery person returned to the pideshop.
02/07/24 23:55:10   Order delivered.
02/07/24 23:55:10   Order delivered.
02/07/24 23:55:10   Order prepared.
02/07/24 23:55:10   Delivery person returned to the pideshop.
02/07/24 23:55:10   Cook acquired oven entry 1.
02/07/24 23:55:10   Order prepared.
02/07/24 23:55:10   Cook acquired oven entry 1.
02/07/24 23:55:10   Delivery person returned to the pideshop.
02/07/24 23:55:10   Order prepared.
02/07/24 23:55:10   Cook acquired oven entry 1.
02/07/24 23:55:10   Order cooked.
02/07/24 23:55:10   Order cooked.
02/07/24 23:55:10   Order delivered.
02/07/24 23:55:10   Order delivered.
02/07/24 23:55:10   Order cooked.
02/07/24 23:55:10   Delivery person returned to the pideshop.
02/07/24 23:55:10   Order delivered.
02/07/24 23:55:10   Delivery person returned to the pideshop.
02/07/24 23:55:10   Delivery person returned to the pideshop.
02/07/24 23:55:10   Order prepared.
02/07/24 23:55:10   Cook acquired oven entry 1.
02/07/24 23:55:10   Order prepared.
02/07/24 23:55:10   Cook acquired oven entry 1.
02/07/24 23:55:10   Order prepared.
02/07/24 23:55:10   Cook acquired oven entry 1.
02/07/24 23:55:10   Order cooked.
02/07/24 23:55:10   Order cooked.
02/07/24 23:55:10   Order delivered.
02/07/24 23:55:10   Order delivered.
02/07/24 23:55:10   Order cooked.
02/07/24 23:55:10   Delivery person returned to the pideshop.
02/07/24 23:55:10   Order delivered.
02/07/24 23:55:10   Delivery person returned to the pideshop.
02/07/24 23:55:10   Delivery person returned to the pideshop.
02/07/24 23:55:10   Order prepared.
02/07/24 23:55:10   Cook acquired oven entry 1.
02/07/24 23:55:10   Order cooked.
02/07/24 23:55:10   Cooking orders is finished.
02/07/24 23:55:10   Order delivered.
02/07/24 23:55:10   Delivery person returned to the pideshop.
02/07/24 23:55:10   Delivering finished. Exiting gracefully.
02/07/24 23:55:10   Threads joined.
02/07/24 23:55:10   Done serving client @ XXX PID 5005
02/07/24 23:55:35   Socket initialized.
02/07/24 23:55:38   10 new customers..
02/07/24 23:55:38   Threads initialized.
02/07/24 23:55:38   All cooks awakened.
02/07/24 23:55:38   Order prepared.
02/07/24 23:55:38   Cook acquired oven entry 1.
02/07/24 23:55:38   Order prepared.
02/07/24 23:55:38   Cook acquired oven entry 1.
02/07/24 23:55:38   Order prepared.
02/07/24 23:55:38   Cook acquired oven entry 1.
02/07/24 23:55:38   Order cooked.
02/07/24 23:55:38   Order cooked.
02/07/24 23:55:38   Order cooked.
02/07/24 23:55:38   Order delivered.
02/07/24 23:55:38   Order delivered.
02/07/24 23:55:38   Delivery person returned to the pideshop.
02/07/24 23:55:38   Delivery person returned to the pideshop.
02/07/24 23:55:38   Order delivered.
02/07/24 23:55:38   Delivery person returned to the pideshop.
02/07/24 23:55:38   Order prepared.
02/07/24 23:55:38   Cook acquired oven entry 1.
02/07/24 23:55:38   Order prepared.
02/07/24 23:55:38   Cook acquired oven entry 2.
02/07/24 23:55:38   Order prepared.
02/07/24 23:55:38   Cook acquired oven entry 1.
02/07/24 23:55:38   Order cooked.
02/07/24 23:55:38   Order cooked.
02/07/24 23:55:38   Order cooked.
02/07/24 23:55:38   Order delivered.
02/07/24 23:55:38   Order delivered.
02/07/24 23:55:38   Delivery person returned to the pideshop.
02/07/24 23:55:38   Order delivered.
02/07/24 23:55:38   Delivery person returned to the pideshop.
02/07/24 23:55:38   Delivery person returned to the pideshop.
02/07/24 23:55:38   Order prepared.
02/07/24 23:55:38   Cook acquired oven entry 1.
02/07/24 23:55:38   Order prepared.
02/07/24 23:55:38   Cook acquired oven entry 1.
02/07/24 23:55:38   Order prepared.
02/07/24 23:55:38   Cook acquired oven entry 1.
02/07/24 23:55:38   Order cooked.
02/07/24 23:55:38   Order cooked.
02/07/24 23:55:38   Order delivered.
02/07/24 23:55:38   Order delivered.
02/07/24 23:55:38   Order cooked.
02/07/24 23:55:38   Delivery person returned to the pideshop.
02/07/24 23:55:38   Delivery person returned to the pideshop.
02/07/24 23:55:38   Order delivered.
02/07/24 23:55:38   Delivery person returned to the pideshop.
02/07/24 23:55:38   Order prepared.
02/07/24 23:55:38   Cook acquired oven entry 1.
02/07/24 23:55:38   Order cooked.
02/07/24 23:55:38   Cooking orders is finished.
02/07/24 23:55:38   Order delivered.
02/07/24 23:55:38   Delivery person returned to the pideshop.
02/07/24 23:55:38   Delivering finished. Exiting gracefully.
02/07/24 23:55:38   Threads joined.
02/07/24 23:55:38   Done serving client @ XXX PID 5046
02/07/24 23:55:50   Socket initialized.
03/07/24 00:00:01   Socket initialized.
03/07/24 00:00:08   200 new customers..
03/07/24 00:00:08   Threads initialized.
03/07/24 00:00:08   All cooks awakened.
03/07/24 00:00:08   Order prepared.
03/07/24 00:00:08   Cook acquired oven entry 1.
03/07/24 00:00:08   Order prepared.
03/07/24 00:00:08   Cook acquired oven entry 1.
03/07/24 00:00:08   Order prepared.
03/07/24 00:00:08   Cook acquired oven entry 1.
03/07/24 00:00:09   Order cooked.
03/07/24 00:00:09   Order cooked.
03/07/24 00:00:09   Order cooked.
03/07/24 00:00:09   Order delivered.
03/07/24 00:00:09   Order delivered.
03/07/24 00:00:09   Delivery person returned to the pideshop.
03/07/24 00:00:09   Delivery person returned to the pideshop.
03/07/24 00:00:09   Order prepared.
03/07/24 00:00:09   Cook acquired oven entry 1.
03/07/24 00:00:09   Order prepared.
03/07/24 00:00:09   Cook acquired oven entry 1.
03/07/24 00:00:09   Order prepared.
03/07/24 00:00:09   Cook acquired oven entry 1.
03/07/24 00:00:09   Order cooked.
03/07/24 00:00:09   Order delivered.
03/07/24 00:00:09   Delivery person returned to the pideshop.
03/07/24 00:00:09   Order cooked.
03/07/24 00:00:09   Order cooked.
03/07/24 00:00:09   Order delivered.
03/07/24 00:00:09   Order delivered.
03/07/24 00:00:09   Delivery person returned to the pideshop.
03/07/24 00:00:09   Delivery person returned to the pideshop.
03/07/24 00:00:09   Order prepared.
03/07/24 00:00:09   Cook acquired oven entry 1.
03/07/24 00:00:09   Order prepared.
03/07/24 00:00:09   Cook acquired oven entry 1.
03/07/24 00:00:09   Order prepared.
03/07/24 00:00:09   Cook acquired oven entry 1.
03/07/24 00:00:09   Order cooked.
03/07/24 00:00:09   Order cooked.
03/07/24 00:00:09   Order cooked.
03/07/24 00:00:09   Order prepared.
03/07/24 00:00:09   Cook acquired oven entry 1.
03/07/24 00:00:09   Order prepared.
03/07/24 00:00:09   Cook acquired oven entry 1.
03/07/24 00:00:09   Order prepared.
03/07/24 00:00:09   Cook acquired oven entry 1.
03/07/24 00:00:09   Order cooked.
03/07/24 00:00:09   Order cooked.
03/07/24 00:00:09   Order cooked.
03/07/24 00:00:09   Order prepared.
03/07/24 00:00:09   Cook acquired oven entry 1.
03/07/24 00:00:09   Order prepared.
03/07/24 00:00:09   Cook acquired oven entry 1.
03/07/24 00:00:09   Order prepared.
03/07/24 00:00:09   Cook acquired oven entry 1.
03/07/24 00:00:09   Order cooked.
03/07/24 00:00:09   Order cooked.
03/07/24 00:00:09   Order cooked.
03/07/24 00:00:09   Order prepared.
03/07/24 00:00:09   Cook acquired oven entry 1.
03/07/24 00:00:09   Order prepared.
03/07/24 00:00:09   Cook acquired oven entry 1.
03/07/24 00:00:09   Order prepared.
03/07/24 00:00:09   Cook acquired oven entry 1.
03/07/24 00:00:09   Order cooked.
03/07/24 00:00:09   Order cooked.
03/07/24 00:00:09   Order cooked.
03/07/24 00:00:09   Order prepared.
03/07/24 00:00:09   Cook acquired oven entry 1.
03/07/24 00:00:09   Order prepared.
03/07/24 00:00:09   Cook acquired oven entry 1.
03/07/24 00:00:09   Order prepared.
03/07/24 00:00:09   Cook acquired oven entry 1.
03/07/24 00:00:09   Order cooked.
03/07/24 00:00:09   Order cooked.
03/07/24 00:00:09   Order cooked.
03/07/24 00:00:09   Order prepared.
03/07/24 00:00:09   Cook acquired oven entry 1.
03/07/24 00:00:09   Order prepared.
03/07/24 00:00:09   Cook acquired oven entry 2.
03/07/24 00:00:09   Order prepared.
03/07/24 00:00:09   Cook acquired oven entry 1.
03/07/24 00:00:09   Order cooked.
03/07/24 00:00:09   Order cooked.
03/07/24 00:00:09   Order cooked.
03/07/24 00:00:09   Order prepared.
03/07/24 00:00:09   Order prepared.
03/07/24 00:00:09   Cook acquired oven entry 1.
03/07/24 00:00:09   Order prepared.
03/07/24 00:00:09   Cook acquired oven entry 1.
03/07/24 00:00:09   Cook acquired oven entry 1.
03/07/24 00:00:09   Order cooked.
03/07/24 00:00:09   Order cooked.
03/07/24 00:00:09   Order cooked.
03/07/24 00:00:09   Order prepared.
03/07/24 00:00:09   Cook acquired oven entry 1.
03/07/24 00:00:09   Order prepared.
03/07/24 00:00:09   Cook acquired oven entry 1.
03/07/24 00:00:09   Order prepared.
03/07/24 00:00:09   Cook acquired oven entry 1.
03/07/24 00:00:09   Order cooked.
03/07/24 00:00:09   Order cooked.
03/07/24 00:00:09   Order cooked.
03/07/24 00:00:09   Order prepared.
03/07/24 00:00:09   Cook acquired oven entry 1.
03/07/24 00:00:09   Order prepared.
03/07/24 00:00:09   Order prepared.
03/07/24 00:00:09   Cook acquired oven entry 1.
03/07/24 00:00:09   Order cooked.
03/07/24 00:00:09   Order cooked.
03/07/24 00:00:09   Order cooked.
03/07/24 00:00:09   Order prepared.
03/07/24 00:00:09   Cook acquired oven entry 1.
03/07/24 00:00:09   Order prepared.
03/07/24 00:00:09   Order prepared.
03/07/24 00:00:09   Cook acquired oven entry 1.
03/07/24 00:00:09   Cook acquired oven entry 1.
03/07/24 00:00:09   Order cooked.
03/07/24 00:00:09   Order cooked.
03/07/24 00:00:09   Order cooked.
03/07/24 00:00:09   Order prepared.
03/07/24 00:00:09   Cook acquired oven entry 1.
03/07/24 00:00:09   Order prepared.
03/07/24 00:00:09   Cook acquired oven entry 1.
03/07/24 00:00:09   Order prepared.
03/07/24 00:00:09   Cook acquired oven entry 1.
03/07/24 00:00:09   Order cooked.
03/07/24 00:00:09   Order cooked.
03/07/24 00:00:09   Order cooked.
03/07/24 00:00:09   Order prepared.
03/07/24 00:00:09   Order prepared.
03/07/24 00:00:09   Cook acquired oven entry 1.
03/07/24 00:00:09   Cook acquired oven entry 2.
03/07/24 00:00:09   Order prepared.
03/07/24 00:00:09   Cook acquired oven entry 2.
03/07/24 00:00:09   Order cooked.
03/07/24 00:00:09   Order cooked.
03/07/24 00:00:09   Order cooked.
03/07/24 00:00:09   Order prepared.
03/07/24 00:00:09   Order prepared.
03/07/24 00:00:09   Cook acquired oven entry 1.
03/07/24 00:00:09   Order prepared.
03/07/24 00:01:49   Order delivered.
03/07/24 00:01:49   Order delivered.
03/07/24 00:01:49   Cook acquired oven entry 1.
03/07/24 00:00:09   Cook acquired oven entry 2.
03/07/24 00:01:49   Order delivered.
03/07/24 00:01:49   Order cooked.
03/07/24 00:01:49   Order cooked.
03/07/24 00:01:49   Order cooked.
03/07/24 00:01:49   Order prepared.
03/07/24 00:01:49   Cook acquired oven entry 1.
03/07/24 00:01:49   Order prepared.
03/07/24 00:01:49   Cook acquired oven entry 1.
03/07/24 00:01:49   Order prepared.
03/07/24 00:01:49   Cook acquired oven entry 1.
03/07/24 00:01:49   Order cooked.
03/07/24 00:01:49   Order cooked.
03/07/24 00:01:49   Order cooked.
03/07/24 00:01:49   Order prepared.
03/07/24 00:01:49   Cook acquired oven entry 1.
03/07/24 00:01:49   Order prepared.
03/07/24 00:01:49   Order prepared.
03/07/24 00:01:49   Cook acquired oven entry 1.
03/07/24 00:01:49   Cook acquired oven entry 2.
03/07/24 00:01:49   Order cooked.
03/07/24 00:01:49   Order cooked.
03/07/24 00:01:49   Order cooked.
03/07/24 00:01:49   Order prepared.
03/07/24 00:01:49   Cook acquired oven entry 1.
03/07/24 00:01:49   Order prepared.
03/07/24 00:01:49   Order prepared.
03/07/24 00:01:49   Cook acquired oven entry 1.
03/07/24 00:01:49   Cook acquired oven entry 2.
03/07/24 00:01:49   Order cooked.
03/07/24 00:01:49   Order cooked.
03/07/24 00:01:49   Order cooked.
03/07/24 00:01:49   Order prepared.
03/07/24 00:01:49   Cook acquired oven entry 1.
03/07/24 00:01:49   Order prepared.
03/07/24 00:01:49   Order prepared.
03/07/24 00:01:49   Cook acquired oven entry 1.
03/07/24 00:01:49   Cook acquired oven entry 1.
03/07/24 00:01:49   Order cooked.
03/07/24 00:01:49   Order cooked.
03/07/24 00:01:49   Order cooked.
03/07/24 00:01:49   Order prepared.
03/07/24 00:01:49   Cook acquired oven entry 1.
03/07/24 00:01:49   Order prepared.
03/07/24 00:01:49   Cook acquired oven entry 1.
03/07/24 00:01:49   Order prepared.
03/07/24 00:01:49   Cook acquired oven entry 1.
03/07/24 00:01:49   Order cooked.
03/07/24 00:01:49   Order cooked.
03/07/24 00:01:49   Order cooked.
03/07/24 00:01:49   Order prepared.
03/07/24 00:01:49   Cook acquired oven entry 1.
03/07/24 00:01:49   Order prepared.
03/07/24 00:01:49   Cook acquired oven entry 1.
03/07/24 00:01:49   Order prepared.
03/07/24 00:01:49   Cook acquired oven entry 1.
03/07/24 00:01:49   Order cooked.
03/07/24 00:01:49   Order cooked.
03/07/24 00:01:49   Order cooked.
03/07/24 00:01:49   Order prepared.
03/07/24 00:01:49   Cook acquired oven entry 1.
03/07/24 00:01:49   Order prepared.
03/07/24 00:01:49   Cook acquired oven entry 1.
03/07/24 00:01:49   Order prepared.
03/07/24 00:01:49   Cook acquired oven entry 1.
03/07/24 00:01:49   Order cooked.
03/07/24 00:01:49   Order cooked.
03/07/24 00:01:49   Order cooked.
03/07/24 00:01:49   Order prepared.
03/07/24 00:01:49   Cook acquired oven entry 1.
03/07/24 00:01:49   Order prepared.
03/07/24 00:01:49   Cook acquired oven entry 1.
03/07/24 00:01:49   Order prepared.
03/07/24 00:01:49   Cook acquired oven entry 1.
03/07/24 00:01:49   Order cooked.
03/07/24 00:01:49   Order cooked.
03/07/24 00:01:49   Order cooked.
03/07/24 00:01:49   Order prepared.
03/07/24 00:01:49   Cook acquired oven entry 1.
03/07/24 00:01:49   Order prepared.
03/07/24 00:01:49   Cook acquired oven entry 1.
03/07/24 00:01:49   Order prepared.
03/07/24 00:01:49   Cook acquired oven entry 1.
03/07/24 00:01:49   Order cooked.
03/07/24 00:01:49   Order cooked.
03/07/24 00:01:49   Order cooked.
03/07/24 00:01:49   Order prepared.
03/07/24 00:01:49   Cook acquired oven entry 1.
03/07/24 00:01:49   Order prepared.
03/07/24 00:01:49   Cook acquired oven entry 1.
03/07/24 00:01:49   Order prepared.
03/07/24 00:01:49   Cook acquired oven entry 1.
03/07/24 00:01:49   Order cooked.
03/07/24 00:01:49   Order cooked.
03/07/24 00:01:49   Order cooked.
03/07/24 00:01:49   Order prepared.
03/07/24 00:01:49   Cook acquired oven entry 1.
03/07/24 00:01:49   Order prepared.
03/07/24 00:01:49   Cook acquired oven entry 2.
03/07/24 00:01:49   Order prepared.
03/07/24 00:01:49   Cook acquired oven entry 1.
03/07/24 00:01:49   Order cooked.
03/07/24 00:01:49   Order cooked.
03/07/24 00:01:49   Order cooked.
03/07/24 00:01:49   Order prepared.
03/07/24 00:01:49   Cook acquired oven entry 1.
03/07/24 00:01:49   Order prepared.
03/07/24 00:01:49   Cook acquired oven entry 1.
03/07/24 00:01:49   Order prepared.
03/07/24 00:01:49   Cook acquired oven entry 1.
03/07/24 00:01:49   Order cooked.
03/07/24 00:01:49   Order cooked.
03/07/24 00:01:49   Order cooked.
03/07/24 00:01:49   Order prepared.
03/07/24 00:01:49   Order prepared.
03/07/24 00:01:49   Cook acquired oven entry 1.
03/07/24 00:01:49   Order prepared.
03/07/24 00:01:49   Cook acquired oven entry 2.
03/07/24 00:01:49   Cook acquired oven entry 1.
03/07/24 00:01:49   Order cooked.
03/07/24 00:01:49   Order cooked.
03/07/24 00:01:49   Order cooked.
03/07/24 00:01:49   Order prepared.
03/07/24 00:01:49   Cook acquired oven entry 1.
03/07/24 00:01:49   Order prepared.
03/07/24 00:01:49   Cook acquired oven entry 1.
03/07/24 00:01:49   Order prepared.
03/07/24 00:01:49   Cook acquired oven entry 1.
03/07/24 00:01:49   Order cooked.
03/07/24 00:01:49   Order cooked.
03/07/24 00:01:49   Order cooked.
03/07/24 00:01:49   Order prepared.
03/07/24 00:01:49   Cook acquired oven entry 1.
03/07/24 00:01:49   Order prepared.
03/07/24 00:01:49   Cook acquired oven entry 1.
03/07/24 00:01:49   Order prepared.
03/07/24 00:01:49   Cook acquired oven entry 1.
03/07/24 00:01:49   Order cooked.
03/07/24 00:01:49   Order cooked.
03/07/24 00:01:49   Order cooked.
03/07/24 00:01:49   Order prepared.
03/07/24 00:01:49   Cook acquired oven entry 1.
03/07/24 00:01:49   Order prepared.
03/07/24 00:01:49   Cook acquired oven entry 1.
03/07/24 00:01:49   Order prepared.
03/07/24 00:01:49   Cook acquired oven entry 1.
03/07/24 00:01:49   Order cooked.
03/07/24 00:01:49   Order cooked.
03/07/24 00:01:49   Order cooked.
03/07/24 00:01:49   Order prepared.
03/07/24 00:01:49   Order prepared.
03/07/24 00:01:49   Cook acquired oven entry 1.
03/07/24 00:01:49   Cook acquired oven entry 2.
03/07/24 00:01:49   Order prepared.
03/07/24 00:01:49   Cook acquired oven entry 1.
03/07/24 00:01:49   Order cooked.
03/07/24 00:01:49   Order cooked.
03/07/24 00:01:49   Order cooked.
03/07/24 00:01:49   Order prepared.
03/07/24 00:01:49   Order prepared.
03/07/24 00:01:49   Cook acquired oven entry 2.
03/07/24 00:01:49   Order prepared.
03/07/24 00:01:49   Cook acquired oven entry 2.
03/07/24 00:01:49   Cook acquired oven entry 1.
03/07/24 00:01:49   Order cooked.
03/07/24 00:01:49   Order cooked.
03/07/24 00:01:49   Order cooked.
03/07/24 00:01:49   Order prepared.
03/07/24 00:01:49   Order prepared.
03/07/24 00:01:49   Cook acquired oven entry 1.
03/07/24 00:01:49   Order prepared.
03/07/24 00:01:49   Cook acquired oven entry 2.
03/07/24 00:01:52   Delivery person returned to the pideshop.
03/07/24 00:01:52   Delivery person returned to the pideshop.
03/07/24 00:01:52   Order delivered.
03/07/24 00:01:52   Cook acquired oven entry 1.
03/07/24 00:01:52   Delivery person returned to the pideshop.
03/07/24 00:01:52   Order delivered.
03/07/24 00:01:52   Delivery person returned to the pideshop.
03/07/24 00:01:52   Order delivered.
03/07/24 00:01:52   Delivery person returned to the pideshop.
03/07/24 00:01:52   Delivery person returned to the pideshop.
03/07/24 00:01:52   Order delivered.
03/07/24 00:01:52   Order delivered.
03/07/24 00:01:52   Delivery person returned to the pideshop.
03/07/24 00:01:52   Delivery person returned to the pideshop.
03/07/24 00:01:52   Order delivered.
03/07/24 00:01:52   Delivery person returned to the pideshop.
03/07/24 00:01:52   Order delivered.
03/07/24 00:01:52   Delivery person returned to the pideshop.
03/07/24 00:01:52   Order delivered.
03/07/24 00:01:52   Delivery person returned to the pideshop.
03/07/24 00:01:52   Order delivered.
03/07/24 00:01:52   Delivery person returned to the pideshop.
03/07/24 00:01:52   Order delivered.
03/07/24 00:01:52   Delivery person returned to the pideshop.
03/07/24 00:01:52   Order cooked.
03/07/24 00:01:52   Order cooked.
03/07/24 00:01:52   Order cooked.
03/07/24 00:01:52   Order prepared.
03/07/24 00:01:52   Cook acquired oven entry 1.
03/07/24 00:01:52   Order prepared.
03/07/24 00:01:52   Cook acquired oven entry 1.
03/07/24 00:01:52   Order prepared.
03/07/24 00:01:52   Cook acquired oven entry 1.
03/07/24 00:01:52   Order cooked.
03/07/24 00:01:52   Order cooked.
03/07/24 00:01:52   Order cooked.
03/07/24 00:01:52   Order prepared.
03/07/24 00:01:52   Cook acquired oven entry 1.
03/07/24 00:01:52   Order prepared.
03/07/24 00:01:52   Cook acquired oven entry 1.
03/07/24 00:01:52   Order prepared.
03/07/24 00:01:52   Cook acquired oven entry 1.
03/07/24 00:01:52   Order cooked.
03/07/24 00:01:52   Order cooked.
03/07/24 00:01:52   Order cooked.
03/07/24 00:01:52   Order prepared.
03/07/24 00:01:52   Cook acquired oven entry 1.
03/07/24 00:01:52   Order prepared.
03/07/24 00:01:52   Cook acquired oven entry 1.
03/07/24 00:01:52   Order prepared.
03/07/24 00:01:52   Cook acquired oven entry 1.
03/07/24 00:01:52   Order cooked.
03/07/24 00:01:52   Order cooked.
03/07/24 00:01:52   Order cooked.
03/07/24 00:01:52   Order prepared.
03/07/24 00:01:52   Cook acquired oven entry 1.
03/07/24 00:01:52   Order prepared.
03/07/24 00:01:52   Cook acquired oven entry 1.
03/07/24 00:01:52   Order prepared.
03/07/24 00:01:52   Cook acquired oven entry 1.
03/07/24 00:01:52   Order cooked.
03/07/24 00:01:52   Order cooked.
03/07/24 00:01:52   Order cooked.
03/07/24 00:01:52   Order prepared.
03/07/24 00:01:52   Cook acquired oven entry 1.
03/07/24 00:01:52   Order prepared.
03/07/24 00:01:52   Cook acquired oven entry 1.
03/07/24 00:01:52   Order prepared.
03/07/24 00:01:52   Cook acquired oven entry 1.
03/07/24 00:01:52   Order cooked.
03/07/24 00:01:52   Order cooked.
03/07/24 00:01:52   Order cooked.
03/07/24 00:01:52   Order prepared.
03/07/24 00:01:52   Cook acquired oven entry 1.
03/07/24 00:01:52   Order prepared.
03/07/24 00:01:52   Cook acquired oven entry 1.
03/07/24 00:01:52   Order prepared.
03/07/24 00:01:52   Cook acquired oven entry 1.
03/07/24 00:01:52   Order cooked.
03/07/24 00:01:52   Order cooked.
03/07/24 00:01:52   Order cooked.
03/07/24 00:01:52   Order prepared.
03/07/24 00:01:52   Cook acquired oven entry 1.
03/07/24 00:01:52   Order prepared.
03/07/24 00:01:52   Cook acquired oven entry 1.
03/07/24 00:01:52   Order prepared.
03/07/24 00:01:52   Cook acquired oven entry 1.
03/07/24 00:01:52   Order cooked.
03/07/24 00:01:52   Order cooked.
03/07/24 00:01:52   Order cooked.
03/07/24 00:01:52   Order prepared.
03/07/24 00:01:52   Order prepared.
03/07/24 00:01:52   Cook acquired oven entry 1.
03/07/24 00:01:52   Cook acquired oven entry 2.
03/07/24 00:01:52   Order prepared.
03/07/24 00:01:52   Cook acquired oven entry 1.
03/07/24 00:01:52   Order cooked.
03/07/24 00:01:52   Order cooked.
03/07/24 00:01:52   Order cooked.
03/07/24 00:01:52   Order prepared.
03/07/24 00:01:52   Order prepared.
03/07/24 00:01:52   Cook acquired oven entry 1.
03/07/24 00:01:52   Cook acquired oven entry 2.
03/07/24 00:01:52   Order prepared.
03/07/24 00:01:52   Cook acquired oven entry 1.
03/07/24 00:01:52   Order cooked.
03/07/24 00:01:52   Order cooked.
03/07/24 00:01:52   Order cooked.
03/07/24 00:01:52   Order prepared.
03/07/24 00:01:52   Order prepared.
03/07/24 00:01:52   Cook acquired oven entry 1.
03/07/24 00:01:52   Cook acquired oven entry 2.
03/07/24 00:01:52   Order prepared.
03/07/24 00:01:52   Cook acquired oven entry 1.
03/07/24 00:01:52   Order cooked.
03/07/24 00:01:52   Order cooked.
03/07/24 00:01:52   Order cooked.
03/07/24 00:01:52   Order prepared.
03/07/24 00:01:52   Order prepared.
03/07/24 00:01:52   Order prepared.
03/07/24 00:01:52   Cook acquired oven entry 1.
03/07/24 00:01:53   Order cooked.
03/07/24 00:01:53   Order cooked.
03/07/24 00:01:53   Order cooked.
03/07/24 00:01:53   Order prepared.
03/07/24 00:01:53   Order prepared.
03/07/24 00:01:53   Cook acquired oven entry 1.
03/07/24 00:01:53   Cook acquired oven entry 2.
03/07/24 00:01:53   Order prepared.
03/07/24 00:01:53   Cook acquired oven entry 1.
03/07/24 00:01:53   Order cooked.
03/07/24 00:01:53   Order cooked.
03/07/24 00:01:53   Order cooked.
03/07/24 00:01:53   Order prepared.
03/07/24 00:01:53   Order prepared.
03/07/24 00:01:53   Cook acquired oven entry 1.
03/07/24 00:01:53   Cook acquired oven entry 2.
03/07/24 00:01:53   Order prepared.
03/07/24 00:01:53   Cook acquired oven entry 1.
03/07/24 00:01:53   Order cooked.
03/07/24 00:01:53   Order cooked.
03/07/24 00:01:53   Order cooked.
03/07/24 00:01:53   Order prepared.
03/07/24 00:01:53   Order prepared.
03/07/24 00:01:53   Cook acquired oven entry 1.
03/07/24 00:01:53   Cook acquired oven entry 2.
03/07/24 00:01:53   Order prepared.
03/07/24 00:01:53   Cook acquired oven entry 1.
03/07/24 00:01:53   Order cooked.
03/07/24 00:01:53   Order cooked.
03/07/24 00:01:53   Order cooked.
03/07/24 00:01:53   Order prepared.
03/07/24 00:01:53   Order prepared.
03/07/24 00:01:53   Cook acquired oven entry 1.
03/07/24 00:01:53   Cook acquired oven entry 2.
03/07/24 00:01:53   Order prepared.
03/07/24 00:01:53   Cook acquired oven entry 1.
03/07/24 00:01:53   Order cooked.
03/07/24 00:01:53   Order cooked.
03/07/24 00:01:53   Order cooked.
03/07/24 00:01:53   Order prepared.
03/07/24 00:01:53   Order prepared.
03/07/24 00:01:53   Cook acquired oven entry 1.
03/07/24 00:01:53   Cook acquired oven entry 2.
03/07/24 00:01:53   Order prepared.
03/07/24 00:01:53   Cook acquired oven entry 1.
03/07/24 00:01:53   Order cooked.
03/07/24 00:01:53   Order cooked.
03/07/24 00:01:53   Order cooked.
03/07/24 00:01:53   Order prepared.
03/07/24 00:01:53   Order prepared.
03/07/24 00:01:53   Cook acquired oven entry 1.
03/07/24 00:01:53   Cook acquired oven entry 2.
03/07/24 00:01:53   Order prepared.
03/07/24 00:01:53   Cook acquired oven entry 1.
03/07/24 00:01:53   Order cooked.
03/07/24 00:01:53   Order cooked.
03/07/24 00:01:53   Order cooked.
03/07/24 00:01:53   Order prepared.
03/07/24 00:01:53   Order prepared.
03/07/24 00:01:53   Cook acquired oven entry 1.
03/07/24 00:01:53   Cook acquired oven entry 2.
03/07/24 00:01:53   Order prepared.
03/07/24 00:01:53   Cook acquired oven entry 1.
03/07/24 00:01:53   Order cooked.
03/07/24 00:01:53   Order cooked.
03/07/24 00:01:53   Order cooked.
03/07/24 00:01:53   Order prepared.
03/07/24 00:01:53   Order prepared.
03/07/24 00:01:53   Cook acquired oven entry 1.
03/07/24 00:01:53   Cook acquired oven entry 2.
03/07/24 00:01:53   Order prepared.
03/07/24 00:01:53   Cook acquired oven entry 1.
03/07/24 00:01:53   Order cooked.
03/07/24 00:01:53   Order cooked.
03/07/24 00:01:53   Order cooked.
03/07/24 00:01:53   Order prepared.
03/07/24 00:01:53   Order prepared.
03/07/24 00:01:53   Cook acquired oven entry 1.
03/07/24 00:01:53   Cook acquired oven entry 2.
03/07/24 00:01:53   Order prepared.
03/07/24 00:01:53   Cook acquired oven entry 1.
03/07/24 00:01:53   Order cooked.
03/07/24 00:01:53   Order cooked.
03/07/24 00:01:53   Order cooked.
03/07/24 00:01:53   Order prepared.
03/07/24 00:01:53   Order prepared.
03/07/24 00:01:53   Cook acquired oven entry 1.
03/07/24 00:01:53   Order prepared.
03/07/24 00:01:53   Cook acquired oven entry 2.
03/07/24 00:01:53   Cook acquired oven entry 2.
03/07/24 00:01:53   Order cooked.
03/07/24 00:01:53   Order cooked.
03/07/24 00:01:53   Order cooked.
03/07/24 00:01:53   Order prepared.
03/07/24 00:01:53   Cook acquired oven entry 1.
03/07/24 00:01:53   Order prepared.
03/07/24 00:01:53   Order prepared.
03/07/24 00:01:53   Cook acquired oven entry 1.
03/07/24 00:01:53   Cook acquired oven entry 2.
03/07/24 00:01:53   Order cooked.
03/07/24 00:01:53   Order cooked.
03/07/24 00:01:53   Order cooked.
03/07/24 00:01:53   Order prepared.
03/07/24 00:01:53   Cook acquired oven entry 1.
03/07/24 00:01:53   Order prepared.
03/07/24 00:01:53   Cook acquired oven entry 1.
03/07/24 00:01:53   Order prepared.
03/07/24 00:01:53   Cook acquired oven entry 1.
03/07/24 00:01:53   Order cooked.
03/07/24 00:01:53   Order cooked.
03/07/24 00:01:53   Order cooked.
03/07/24 00:01:53   Order prepared.
03/07/24 00:01:53   Cook acquired oven entry 1.
03/07/24 00:01:53   Order prepared.
03/07/24 00:01:53   Cook acquired oven entry 1.
03/07/24 00:01:53   Order prepared.
03/07/24 00:01:53   Cook acquired oven entry 1.
03/07/24 00:01:53   Order cooked.
03/07/24 00:01:53   Order cooked.
03/07/24 00:01:53   Order cooked.
03/07/24 00:01:53   Order prepared.
03/07/24 00:01:53   Cook acquired oven entry 1.
03/07/24 00:01:53   Order prepared.
03/07/24 00:01:53   Cook acquired oven entry 1.
03/07/24 00:01:53   Order prepared.
03/07/24 00:01:53   Cook acquired oven entry 1.
03/07/24 00:01:53   Order cooked.
03/07/24 00:01:53   Order cooked.
03/07/24 00:01:53   Order cooked.
03/07/24 00:01:53   Order prepared.
03/07/24 00:01:53   Cook acquired oven entry 1.
03/07/24 00:01:53   Order prepared.
03/07/24 00:01:53   Cook acquired oven entry 1.
03/07/24 00:01:53   Order prepared.
03/07/24 00:01:53   Cook acquired oven entry 1.
03/07/24 00:01:53   Order cooked.
03/07/24 00:01:53   Order cooked.
03/07/24 00:01:53   Order cooked.
03/07/24 00:01:53   Order prepared.
03/07/24 00:01:53   Cook acquired oven entry 1.
03/07/24 00:01:53   Order prepared.
03/07/24 00:01:53   Cook acquired oven entry 1.
03/07/24 00:01:53   Order prepared.
03/07/24 00:01:53   Cook acquired oven entry 1.
03/07/24 00:01:53   Order cooked.
03/07/24 00:01:53   Order cooked.
03/07/24 00:01:53   Order cooked.
03/07/24 00:01:53   Order prepared.
03/07/24 00:01:53   Cook acquired oven entry 1.
03/07/24 00:01:53   Order prepared.
03/07/24 00:01:53   Cook acquired oven entry 1.
03/07/24 00:01:53   Order prepared.
03/07/24 00:01:53   Cook acquired oven entry 1.
03/07/24 00:01:53   Order cooked.
03/07/24 00:01:53   Order cooked.
03/07/24 00:01:53   Order cooked.
03/07/24 00:01:53   Order prepared.
03/07/24 00:01:53   Cook acquired oven entry 1.
03/07/24 00:01:53   Order prepared.
03/07/24 00:01:53   Cook acquired oven entry 2.
03/07/24 00:01:53   Order prepared.
03/07/24 00:01:53   Cook acquired oven entry 2.
03/07/24 00:01:53   Order cooked.
03/07/24 00:01:53   Order cooked.
03/07/24 00:01:53   Order cooked.
03/07/24 00:01:53   Order prepared.
03/07/24 00:01:53   Cook acquired oven entry 1.
03/07/24 00:01:53   Order prepared.
03/07/24 00:01:53   Cook acquired oven entry 1.
03/07/24 00:01:53   Order prepared.
03/07/24 00:01:53   Cook acquired oven entry 1.
03/07/24 00:01:53   Order cooked.
03/07/24 00:01:53   Order cooked.
03/07/24 00:01:53   Order cooked.
03/07/24 00:01:53   Order prepared.
03/07/24 00:01:53   Order prepared.
03/07/24 00:01:53   Cook acquired oven entry 1.
03/07/24 00:01:53   Order prepared.
03/07/24 00:01:53   Cook acquired oven entry 2.
03/07/24 00:01:53   Cook acquired oven entry 1.
03/07/24 00:01:53   Order cooked.
03/07/24 00:01:53   Order cooked.
03/07/24 00:01:53   Order cooked.
03/07/24 00:01:53   Order prepared.
03/07/24 00:01:53   Order prepared.
03/07/24 00:01:53   Cook acquired oven entry 1.
03/07/24 00:01:53   Cook acquired oven entry 2.
03/07/24 00:01:53   Order prepared.
03/07/24 00:01:53   Cook acquired oven entry 1.
03/07/24 00:01:53   Order cooked.
03/07/24 00:01:53   Order cooked.
03/07/24 00:01:53   Order cooked.
03/07/24 00:01:53   Order prepared.
03/07/24 00:01:53   Order prepared.
03/07/24 00:01:53   Cook acquired oven entry 1.
03/07/24 00:01:53   Cook acquired oven entry 2.
03/07/24 00:01:53   Order cooked.
03/07/24 00:01:53   Order cooked.
03/07/24 00:01:53   Cooking orders is finished.
03/07/24 00:01:53   Order delivered.
03/07/24 00:01:53   Order delivered.
03/07/24 00:01:53   Order delivered.
03/07/24 00:01:54   Delivery person returned to the pideshop.
03/07/24 00:01:54   Delivery person returned to the pideshop.
03/07/24 00:01:54   Order delivered.
03/07/24 00:01:54   Delivery person returned to the pideshop.
03/07/24 00:01:54   Order delivered.
03/07/24 00:01:54   Delivery person returned to the pideshop.
03/07/24 00:01:54   Delivery person returned to the pideshop.
03/07/24 00:01:54   Order delivered.
03/07/24 00:01:54   Delivery person returned to the pideshop.
03/07/24 00:01:54   Order delivered.
03/07/24 00:01:54   Delivery person returned to the pideshop.
03/07/24 00:01:54   Order delivered.
03/07/24 00:01:54   Delivery person returned to the pideshop.
03/07/24 00:01:54   Order delivered.
03/07/24 00:01:54   Delivery person returned to the pideshop.
03/07/24 00:01:54   Order delivered.
03/07/24 00:01:54   Delivery person returned to the pideshop.
03/07/24 00:01:54   Order delivered.
03/07/24 00:01:54   Delivery person returned to the pideshop.
03/07/24 00:01:54   Order delivered.
03/07/24 00:01:54   Delivery person returned to the pideshop.
03/07/24 00:01:54   Order delivered.
03/07/24 00:01:54   Delivery person returned to the pideshop.
03/07/24 00:01:54   Order delivered.
03/07/24 00:01:54   Delivery person returned to the pideshop.
03/07/24 00:01:54   Order delivered.
03/07/24 00:01:54   Delivery person returned to the pideshop.
03/07/24 00:01:54   Order delivered.
03/07/24 00:01:54   Delivery person returned to the pideshop.
03/07/24 00:01:54   Order delivered.
03/07/24 00:01:54   Delivery person returned to the pideshop.
03/07/24 00:01:54   Order delivered.
03/07/24 00:01:54   Delivery person returned to the pideshop.
03/07/24 00:01:54   Order delivered.
03/07/24 00:01:54   Delivery person returned to the pideshop.
03/07/24 00:01:54   Order delivered.
03/07/24 00:01:54   Delivery person returned to the pideshop.
03/07/24 00:01:55   Order delivered.
03/07/24 00:01:55   Order delivered.
03/07/24 00:01:55   Order delivered.
03/07/24 00:01:56   Delivery person returned to the pideshop.
03/07/24 00:01:56   Order delivered.
03/07/24 00:01:56   Delivery person returned to the pideshop.
03/07/24 00:01:56   Order delivered.
03/07/24 00:01:56   Delivery person returned to the pideshop.
03/07/24 00:01:56   Order delivered.
03/07/24 00:01:56   Delivery person returned to the pideshop.
03/07/24 00:01:56   Order delivered.
03/07/24 00:01:56   Delivery person returned to the pideshop.
03/07/24 00:01:56   Order delivered.
03/07/24 00:01:56   Delivery person returned to the pideshop.
03/07/24 00:01:56   Order delivered.
03/07/24 00:01:56   Delivery person returned to the pideshop.
03/07/24 00:01:56   Order delivered.
03/07/24 00:01:56   Delivery person returned to the pideshop.
03/07/24 00:01:56   Delivery person returned to the pideshop.
03/07/24 00:01:56   Order delivered.
03/07/24 00:01:56   Delivery person returned to the pideshop.
03/07/24 00:01:56   Order delivered.
03/07/24 00:01:56   Delivery person returned to the pideshop.
03/07/24 00:01:56   Order delivered.
03/07/24 00:01:56   Delivery person returned to the pideshop.
03/07/24 00:01:56   Order delivered.
03/07/24 00:01:56   Delivery person returned to the pideshop.
03/07/24 00:01:56   Order delivered.
03/07/24 00:01:56   Delivery person returned to the pideshop.
03/07/24 00:01:56   Order delivered.
03/07/24 00:01:56   Delivery person returned to the pideshop.
03/07/24 00:01:56   Order delivered.
03/07/24 00:01:56   Delivery person returned to the pideshop.
03/07/24 00:01:56   Order delivered.
03/07/24 00:01:56   Delivery person returned to the pideshop.
03/07/24 00:01:56   Order delivered.
03/07/24 00:01:56   Delivery person returned to the pideshop.
03/07/24 00:01:56   Order delivered.
03/07/24 00:01:56   Delivery person returned to the pideshop.
03/07/24 00:01:56   Order delivered.
03/07/24 00:01:56   Delivery person returned to the pideshop.
03/07/24 00:01:56   Order delivered.
03/07/24 00:01:56   Delivery person returned to the pideshop.
03/07/24 00:01:56   Delivery person returned to the pideshop.
03/07/24 00:01:56   Order delivered.
03/07/24 00:01:56   Delivery person returned to the pideshop.
03/07/24 00:01:56   Order delivered.
03/07/24 00:01:56   Delivery person returned to the pideshop.
03/07/24 00:01:56   Order delivered.
03/07/24 00:01:56   Delivery person returned to the pideshop.
03/07/24 00:01:57   Order delivered.
03/07/24 00:01:57   Order delivered.
03/07/24 00:01:57   Order delivered.
03/07/24 00:01:58   Delivery person returned to the pideshop.
03/07/24 00:01:58   Order delivered.
03/07/24 00:01:58   Delivery person returned to the pideshop.
03/07/24 00:01:58   Order delivered.
03/07/24 00:01:58   Delivery person returned to the pideshop.
03/07/24 00:01:58   Order delivered.
03/07/24 00:01:58   Delivery person returned to the pideshop.
03/07/24 00:01:58   Order delivered.
03/07/24 00:01:58   Delivery person returned to the pideshop.
03/07/24 00:01:58   Order delivered.
03/07/24 00:01:58   Delivery person returned to the pideshop.
03/07/24 00:01:58   Delivery person returned to the pideshop.
03/07/24 00:01:58   Order delivered.
03/07/24 00:01:58   Delivery person returned to the pideshop.
03/07/24 00:01:58   Order delivered.
03/07/24 00:01:58   Delivery person returned to the pideshop.
03/07/24 00:01:58   Delivery person returned to the pideshop.
03/07/24 00:01:58   Order delivered.
03/07/24 00:01:58   Delivery person returned to the pideshop.
03/07/24 00:01:59   Order delivered.
03/07/24 00:01:59   Order delivered.
03/07/24 00:01:59   Order delivered.
03/07/24 00:02:00   Delivery person returned to the pideshop.
03/07/24 00:02:00   Order delivered.
03/07/24 00:02:00   Delivery person returned to the pideshop.
03/07/24 00:02:00   Order delivered.
03/07/24 00:02:00   Delivery person returned to the pideshop.
03/07/24 00:02:00   Order delivered.
03/07/24 00:02:00   Delivery person returned to the pideshop.
03/07/24 00:02:00   Order delivered.
03/07/24 00:02:00   Delivery person returned to the pideshop.
03/07/24 00:02:00   Order delivered.
03/07/24 00:02:00   Delivery person returned to the pideshop.
03/07/24 00:02:00   Order delivered.
03/07/24 00:02:00   Delivery person returned to the pideshop.
03/07/24 00:02:00   Order delivered.
03/07/24 00:02:00   Delivery person returned to the pideshop.
03/07/24 00:02:00   Order delivered.
03/07/24 00:02:00   Delivery person returned to the pideshop.
03/07/24 00:02:00   Delivery person returned to the pideshop.
03/07/24 00:02:00   Order delivered.
03/07/24 00:02:00   Delivery person returned to the pideshop.
03/07/24 00:02:00   Delivery person returned to the pideshop.
03/07/24 00:02:00   Order delivered.
03/07/24 00:02:00   Delivery person returned to the pideshop.
03/07/24 00:02:00   Order delivered.
03/07/24 00:02:00   Delivery person returned to the pideshop.
03/07/24 00:02:00   Order delivered.
03/07/24 00:02:00   Delivery person returned to the pideshop.
03/07/24 00:02:00   Order delivered.
03/07/24 00:02:00   Delivery person returned to the pideshop.
03/07/24 00:02:00   Order delivered.
03/07/24 00:02:00   Delivery person returned to the pideshop.
03/07/24 00:02:00   Order delivered.
03/07/24 00:02:00   Delivery person returned to the pideshop.
03/07/24 00:02:00   Order delivered.
03/07/24 00:02:00   Delivery person returned to the pideshop.
03/07/24 00:02:00   Order delivered.
03/07/24 00:02:00   Delivery person returned to the pideshop.
03/07/24 00:02:00   Order delivered.
03/07/24 00:02:00   Delivery person returned to the pideshop.
03/07/24 00:02:00   Order delivered.
03/07/24 00:02:00   Delivery person returned to the pideshop.
03/07/24 00:02:00   Order delivered.
03/07/24 00:02:00   Delivery person returned to the pideshop.
03/07/24 00:02:00   Order delivered.
03/07/24 00:02:00   Delivery person returned to the pideshop.
03/07/24 00:02:00   Order delivered.
03/07/24 00:02:00   Delivery person returned to the pideshop.
03/07/24 00:02:00   Order delivered.
03/07/24 00:02:00   Delivery person returned to the pideshop.
03/07/24 00:02:00   Order delivered.
03/07/24 00:02:00   Delivery person returned to the pideshop.
03/07/24 00:02:00   Order delivered.
03/07/24 00:02:00   Delivery person returned to the pideshop.
03/07/24 00:02:00   Order delivered.
03/07/24 00:02:00   Delivery person returned to the pideshop.
03/07/24 00:02:00   Order delivered.
03/07/24 00:02:00   Delivery person returned to the pideshop.
03/07/24 00:02:00   Order delivered.
03/07/24 00:02:00   Delivery person returned to the pideshop.
03/07/24 00:02:00   Order delivered.
03/07/24 00:02:00   Delivery person returned to the pideshop.
03/07/24 00:02:00   Order delivered.
03/07/24 00:02:00   Delivery person returned to the pideshop.
03/07/24 00:02:00   Order delivered.
03/07/24 00:02:00   Delivery person returned to the pideshop.
03/07/24 00:02:00   Order delivered.
03/07/24 00:02:00   Delivery person returned to the pideshop.
03/07/24 00:02:00   Order delivered.
03/07/24 00:02:00   Delivery person returned to the pideshop.
03/07/24 00:02:00   Order delivered.
03/07/24 00:02:00   Delivery person returned to the pideshop.
03/07/24 00:02:00   Order delivered.
03/07/24 00:02:00   Delivery person returned to the pideshop.
03/07/24 00:02:00   Order delivered.
03/07/24 00:02:00   Delivery person returned to the pideshop.
03/07/24 00:02:01   Order delivered.
03/07/24 00:02:01   Order delivered.
03/07/24 00:02:01   Order delivered.
03/07/24 00:02:02   Delivery person returned to the pideshop.
03/07/24 00:02:02   Order delivered.
03/07/24 00:02:02   Delivery person returned to the pideshop.
03/07/24 00:02:02   Order delivered.
03/07/24 00:02:02   Delivery person returned to the pideshop.
03/07/24 00:02:02   Delivery person returned to the pideshop.
03/07/24 00:02:02   Order delivered.
03/07/24 00:02:02   Delivery person returned to the pideshop.
03/07/24 00:02:02   Order delivered.
03/07/24 00:02:02   Delivery person returned to the pideshop.
03/07/24 00:02:02   Order delivered.
03/07/24 00:02:02   Delivery person returned to the pideshop.
03/07/24 00:02:02   Delivery person returned to the pideshop.
03/07/24 00:02:03   Order delivered.
03/07/24 00:02:03   Order delivered.
03/07/24 00:02:03   Order delivered.
03/07/24 00:02:04   Delivery person returned to the pideshop.
03/07/24 00:02:04   Order delivered.
03/07/24 00:02:04   Delivery person returned to the pideshop.
03/07/24 00:02:04   Delivery person returned to the pideshop.
03/07/24 00:02:04   Order delivered.
03/07/24 00:02:04   Delivery person returned to the pideshop.
03/07/24 00:02:04   Order delivered.
03/07/24 00:02:04   Delivery person returned to the pideshop.
03/07/24 00:02:04   Delivery person returned to the pideshop.
03/07/24 00:02:04   Order delivered.
03/07/24 00:02:04   Delivery person returned to the pideshop.
03/07/24 00:02:04   Order delivered.
03/07/24 00:02:04   Delivery person returned to the pideshop.
03/07/24 00:02:04   Order delivered.
03/07/24 00:02:04   Delivery person returned to the pideshop.
03/07/24 00:02:04   Order delivered.
03/07/24 00:02:04   Delivery person returned to the pideshop.
03/07/24 00:02:05   Order delivered.
03/07/24 00:02:05   Order delivered.
03/07/24 00:02:05   Order delivered.
03/07/24 00:02:06   Delivery person returned to the pideshop.
03/07/24 00:02:06   Delivery person returned to the pideshop.
03/07/24 00:02:06   Order delivered.
03/07/24 00:02:06   Delivery person returned to the pideshop.
03/07/24 00:02:06   Order delivered.
03/07/24 00:02:06   Delivery person returned to the pideshop.
03/07/24 00:02:06   Order delivered.
03/07/24 00:02:06   Delivery person returned to the pideshop.
03/07/24 00:02:06   Order delivered.
03/07/24 00:02:06   Delivery person returned to the pideshop.
03/07/24 00:02:06   Delivery person returned to the pideshop.
03/07/24 00:02:06   Order delivered.
03/07/24 00:02:06   Delivery person returned to the pideshop.
03/07/24 00:02:07   Order delivered.
03/07/24 00:02:07   Order delivered.
03/07/24 00:02:07   Order delivered.
03/07/24 00:02:08   Delivery person returned to the pideshop.
03/07/24 00:02:08   Order delivered.
03/07/24 00:02:08   Delivery person returned to the pideshop.
03/07/24 00:02:08   Order delivered.
03/07/24 00:02:08   Delivery person returned to the pideshop.
03/07/24 00:02:08   Order delivered.
03/07/24 00:02:08   Delivery person returned to the pideshop.
03/07/24 00:02:08   Delivery person returned to the pideshop.
03/07/24 00:02:08   Order delivered.
03/07/24 00:02:08   Delivery person returned to the pideshop.
03/07/24 00:02:08   Order delivered.
03/07/24 00:02:08   Delivery person returned to the pideshop.
03/07/24 00:02:08   Order delivered.
03/07/24 00:02:08   Delivery person returned to the pideshop.
03/07/24 00:02:08   Order delivered.
03/07/24 00:02:08   Delivery person returned to the pideshop.
03/07/24 00:02:08   Order delivered.
03/07/24 00:02:08   Delivery person returned to the pideshop.
03/07/24 00:02:08   Delivery person returned to the pideshop.
03/07/24 00:02:08   Order delivered.
03/07/24 00:02:08   Delivery person returned to the pideshop.
03/07/24 00:02:08   Order delivered.
03/07/24 00:02:08   Delivery person returned to the pideshop.
03/07/24 00:02:08   Order delivered.
03/07/24 00:02:08   Delivery person returned to the pideshop.
03/07/24 00:02:08   Order delivered.
03/07/24 00:02:08   Delivery person returned to the pideshop.
03/07/24 00:02:08   Order delivered.
03/07/24 00:02:08   Delivery person returned to the pideshop.
03/07/24 00:02:08   Order delivered.
03/07/24 00:02:08   Delivery person returned to the pideshop.
03/07/24 00:02:08   Order delivered.
03/07/24 00:02:08   Delivery person returned to the pideshop.
03/07/24 00:02:08   Order delivered.
03/07/24 00:02:08   Delivery person returned to the pideshop.
03/07/24 00:02:08   Order delivered.
03/07/24 00:02:08   Delivery person returned to the pideshop.
03/07/24 00:02:08   Order delivered.
03/07/24 00:02:08   Delivery person returned to the pideshop.
03/07/24 00:02:08   Order delivered.
03/07/24 00:02:08   Delivery person returned to the pideshop.
03/07/24 00:02:08   Order delivered.
03/07/24 00:02:08   Delivery person returned to the pideshop.
03/07/24 00:02:08   Order delivered.
03/07/24 00:02:08   Delivery person returned to the pideshop.
03/07/24 00:02:08   Order delivered.
03/07/24 00:02:08   Delivery person returned to the pideshop.
03/07/24 00:02:08   Order delivered.
03/07/24 00:02:08   Delivery person returned to the pideshop.
03/07/24 00:02:08   Order delivered.
03/07/24 00:02:08   Delivery person returned to the pideshop.
03/07/24 00:02:08   Order delivered.
03/07/24 00:02:08   Delivery person returned to the pideshop.
03/07/24 00:02:08   Order delivered.
03/07/24 00:02:08   Delivery person returned to the pideshop.
03/07/24 00:02:09   Order delivered.
03/07/24 00:02:09   Order delivered.
03/07/24 00:02:10   Delivery person returned to the pideshop.
03/07/24 00:02:10   Order delivered.
03/07/24 00:02:10   Delivery person returned to the pideshop.
03/07/24 00:02:10   Order delivered.
03/07/24 00:02:10   Delivery person returned to the pideshop.
03/07/24 00:02:10   Order delivered.
03/07/24 00:02:10   Delivery person returned to the pideshop.
03/07/24 00:02:10   Order delivered.
03/07/24 00:02:10   Order delivered.
03/07/24 00:02:10   Delivery person returned to the pideshop.
03/07/24 00:02:10   Order delivered.
03/07/24 00:02:10   Delivery person returned to the pideshop.
03/07/24 00:02:10   Order delivered.
03/07/24 00:02:10   Delivery person returned to the pideshop.
03/07/24 00:02:10   Order delivered.
03/07/24 00:02:10   Delivery person returned to the pideshop.
03/07/24 00:02:10   Order delivered.
03/07/24 00:02:10   Delivery person returned to the pideshop.
03/07/24 00:02:10   Order delivered.
03/07/24 00:02:10   Delivery person returned to the pideshop.
03/07/24 00:02:10   Delivery person returned to the pideshop.
03/07/24 00:02:10   Order delivered.
03/07/24 00:02:10   Delivery person returned to the pideshop.
03/07/24 00:02:10   Order delivered.
03/07/24 00:02:10   Delivery person returned to the pideshop.
03/07/24 00:02:10   Order delivered.
03/07/24 00:02:10   Delivery person returned to the pideshop.
03/07/24 00:02:10   Order delivered.
03/07/24 00:02:10   Delivery person returned to the pideshop.
03/07/24 00:02:10   Order delivered.
03/07/24 00:02:10   Delivery person returned to the pideshop.
03/07/24 00:02:10   Order delivered.
03/07/24 00:02:10   Delivery person returned to the pideshop.
03/07/24 00:02:10   Order delivered.
03/07/24 00:02:10   Delivery person returned to the pideshop.
03/07/24 00:02:10   Order delivered.
03/07/24 00:02:10   Delivery person returned to the pideshop.
03/07/24 00:02:10   Order delivered.
03/07/24 00:02:10   Delivery person returned to the pideshop.
03/07/24 00:02:10   Order delivered.
03/07/24 00:02:10   Delivery person returned to the pideshop.
03/07/24 00:02:11   Order delivered.
03/07/24 00:02:11   Order delivered.
03/07/24 00:02:12   Delivery person returned to the pideshop.
03/07/24 00:02:12   Order delivered.
03/07/24 00:02:12   Delivery person returned to the pideshop.
03/07/24 00:02:12   Order delivered.
03/07/24 00:02:12   Delivery person returned to the pideshop.
03/07/24 00:02:12   Delivery person returned to the pideshop.
03/07/24 00:02:12   Delivery person returned to the pideshop.
03/07/24 00:02:12   Order delivered.
03/07/24 00:02:12   Delivery person returned to the pideshop.
03/07/24 00:02:13   Order delivered.
03/07/24 00:02:13   Order delivered.
03/07/24 00:02:13   Order delivered.
03/07/24 00:02:14   Delivery person returned to the pideshop.
03/07/24 00:02:14   Order delivered.
03/07/24 00:02:14   Delivery person returned to the pideshop.
03/07/24 00:02:14   Order delivered.
03/07/24 00:02:14   Delivery person returned to the pideshop.
03/07/24 00:02:14   Delivery person returned to the pideshop.
03/07/24 00:02:14   Delivering finished. Exiting gracefully.
03/07/24 00:02:14   Delivery person returned to the pideshop.
03/07/24 00:02:14   Threads joined.
03/07/24 00:02:14   Done serving client @ XXX PID 5777
